=============================================
Dataset: PhonemeSpectra
Method:  TS-TCC
Mode:    fine_tune
=============================================
Data loaded ...
Training started ....

Epoch : 1
Train Loss     : 3.5373	 | 	Train Accuracy     : 0.0553
Valid Loss     : 3.3037	 | 	Valid Accuracy     : 0.0981

Epoch : 2
Train Loss     : 3.2019	 | 	Train Accuracy     : 0.1181
Valid Loss     : 3.0767	 | 	Valid Accuracy     : 0.1513

Epoch : 3
Train Loss     : 3.0312	 | 	Train Accuracy     : 0.1578
Valid Loss     : 2.9377	 | 	Valid Accuracy     : 0.1859

Epoch : 4
Train Loss     : 2.9315	 | 	Train Accuracy     : 0.1656
Valid Loss     : 2.8541	 | 	Valid Accuracy     : 0.2028

Epoch : 5
Train Loss     : 2.8449	 | 	Train Accuracy     : 0.1887
Valid Loss     : 2.7649	 | 	Valid Accuracy     : 0.2203

Epoch : 6
Train Loss     : 2.7706	 | 	Train Accuracy     : 0.2131
Valid Loss     : 2.7131	 | 	Valid Accuracy     : 0.2356

Epoch : 7
Train Loss     : 2.7052	 | 	Train Accuracy     : 0.2372
Valid Loss     : 2.6531	 | 	Valid Accuracy     : 0.2494

Epoch : 8
Train Loss     : 2.6480	 | 	Train Accuracy     : 0.2416
Valid Loss     : 2.5992	 | 	Valid Accuracy     : 0.2637

Epoch : 9
Train Loss     : 2.5993	 | 	Train Accuracy     : 0.2525
Valid Loss     : 2.5272	 | 	Valid Accuracy     : 0.2847

Epoch : 10
Train Loss     : 2.5432	 | 	Train Accuracy     : 0.2709
Valid Loss     : 2.4724	 | 	Valid Accuracy     : 0.3013

Epoch : 11
Train Loss     : 2.4899	 | 	Train Accuracy     : 0.2931
Valid Loss     : 2.4196	 | 	Valid Accuracy     : 0.3269

Epoch : 12
Train Loss     : 2.4392	 | 	Train Accuracy     : 0.3100
Valid Loss     : 2.3780	 | 	Valid Accuracy     : 0.3150

Epoch : 13
Train Loss     : 2.3934	 | 	Train Accuracy     : 0.3144
Valid Loss     : 2.3298	 | 	Valid Accuracy     : 0.3403

Epoch : 14
Train Loss     : 2.3490	 | 	Train Accuracy     : 0.3272
Valid Loss     : 2.2960	 | 	Valid Accuracy     : 0.3459

Epoch : 15
Train Loss     : 2.3094	 | 	Train Accuracy     : 0.3403
Valid Loss     : 2.2386	 | 	Valid Accuracy     : 0.3744

Epoch : 16
Train Loss     : 2.2617	 | 	Train Accuracy     : 0.3484
Valid Loss     : 2.1945	 | 	Valid Accuracy     : 0.3775

Epoch : 17
Train Loss     : 2.2345	 | 	Train Accuracy     : 0.3603
Valid Loss     : 2.1561	 | 	Valid Accuracy     : 0.3841

Epoch : 18
Train Loss     : 2.1982	 | 	Train Accuracy     : 0.3744
Valid Loss     : 2.1188	 | 	Valid Accuracy     : 0.4044

Epoch : 19
Train Loss     : 2.1605	 | 	Train Accuracy     : 0.3812
Valid Loss     : 2.0809	 | 	Valid Accuracy     : 0.4181

Epoch : 20
Train Loss     : 2.1305	 | 	Train Accuracy     : 0.3791
Valid Loss     : 2.0541	 | 	Valid Accuracy     : 0.4209

Epoch : 21
Train Loss     : 2.0968	 | 	Train Accuracy     : 0.4019
Valid Loss     : 2.0133	 | 	Valid Accuracy     : 0.4359

Epoch : 22
Train Loss     : 2.0677	 | 	Train Accuracy     : 0.4016
Valid Loss     : 2.0013	 | 	Valid Accuracy     : 0.4341

Epoch : 23
Train Loss     : 2.0472	 | 	Train Accuracy     : 0.4181
Valid Loss     : 1.9507	 | 	Valid Accuracy     : 0.4569

Epoch : 24
Train Loss     : 1.9991	 | 	Train Accuracy     : 0.4381
Valid Loss     : 1.9311	 | 	Valid Accuracy     : 0.4528

Epoch : 25
Train Loss     : 1.9821	 | 	Train Accuracy     : 0.4359
Valid Loss     : 1.8907	 | 	Valid Accuracy     : 0.4819

Epoch : 26
Train Loss     : 1.9466	 | 	Train Accuracy     : 0.4522
Valid Loss     : 1.8614	 | 	Valid Accuracy     : 0.4894

Epoch : 27
Train Loss     : 1.9191	 | 	Train Accuracy     : 0.4531
Valid Loss     : 1.8518	 | 	Valid Accuracy     : 0.5000

Epoch : 28
Train Loss     : 1.8975	 | 	Train Accuracy     : 0.4719
Valid Loss     : 1.8046	 | 	Valid Accuracy     : 0.5122

Epoch : 29
Train Loss     : 1.8645	 | 	Train Accuracy     : 0.4681
Valid Loss     : 1.7915	 | 	Valid Accuracy     : 0.5113

Epoch : 30
Train Loss     : 1.8451	 | 	Train Accuracy     : 0.4928
Valid Loss     : 1.7488	 | 	Valid Accuracy     : 0.5394

Epoch : 31
Train Loss     : 1.8248	 | 	Train Accuracy     : 0.4816
Valid Loss     : 1.7480	 | 	Valid Accuracy     : 0.5266

Epoch : 32
Train Loss     : 1.7910	 | 	Train Accuracy     : 0.5119
Valid Loss     : 1.6870	 | 	Valid Accuracy     : 0.5575

Epoch : 33
Train Loss     : 1.7568	 | 	Train Accuracy     : 0.5153
Valid Loss     : 1.6708	 | 	Valid Accuracy     : 0.5638

Epoch : 34
Train Loss     : 1.7283	 | 	Train Accuracy     : 0.5216
Valid Loss     : 1.6354	 | 	Valid Accuracy     : 0.5725

Epoch : 35
Train Loss     : 1.7106	 | 	Train Accuracy     : 0.5294
Valid Loss     : 1.6088	 | 	Valid Accuracy     : 0.5838

Epoch : 36
Train Loss     : 1.6815	 | 	Train Accuracy     : 0.5381
Valid Loss     : 1.5839	 | 	Valid Accuracy     : 0.5950

Epoch : 37
Train Loss     : 1.6645	 | 	Train Accuracy     : 0.5519
Valid Loss     : 1.5760	 | 	Valid Accuracy     : 0.5941

Epoch : 38
Train Loss     : 1.6398	 | 	Train Accuracy     : 0.5578
Valid Loss     : 1.5360	 | 	Valid Accuracy     : 0.6122

Epoch : 39
Train Loss     : 1.6190	 | 	Train Accuracy     : 0.5566
Valid Loss     : 1.5128	 | 	Valid Accuracy     : 0.6166

Epoch : 40
Train Loss     : 1.5910	 | 	Train Accuracy     : 0.5713
Valid Loss     : 1.4931	 | 	Valid Accuracy     : 0.6244

Evaluate on the Test set:
Test loss      :2.7527	 | Test Accuracy      : 0.2072 | Test F1      : 0.1920

################## Training is Done! #########################
Training time is : 0:00:17.937043
