=============================================
Dataset: PhonemeSpectra
Method:  TS-TCC
Mode:    self_supervised
Seed:    2024
mask:    0.75
lam:     0.3
lr:      0.0001
ft_lt:   0.0001
pre_epo: 100
ft_epo:  200
head:    4
layer:   8
d_head:  2
d_layer: 2
fd_layer:2
=============================================
Data loaded ...
Pre-training started ....
Epoch 1/100: loss: 19.06769561767578, ts loss: 7.553589344024658, fq loss: 2.168006181716919, ts_freq loss: 18.400245666503906, fq_freq loss: 12.75341510772705

Epoch 2/100: loss: 18.153295516967773, ts loss: 6.9192280769348145, fq loss: 1.9962834119796753, ts_freq loss: 18.123891830444336, fq_freq loss: 12.668722152709961

Epoch 3/100: loss: 17.842622756958008, ts loss: 6.8126020431518555, fq loss: 1.9732621908187866, ts_freq loss: 17.787681579589844, fq_freq loss: 12.401511192321777

Epoch 4/100: loss: 18.242176055908203, ts loss: 6.9461212158203125, fq loss: 2.0906734466552734, ts_freq loss: 17.93520164489746, fq_freq loss: 12.74940299987793

Epoch 5/100: loss: 17.46508026123047, ts loss: 6.506397724151611, fq loss: 1.8973437547683716, ts_freq loss: 17.699758529663086, fq_freq loss: 12.504700660705566

Epoch 6/100: loss: 16.2869815826416, ts loss: 5.585318088531494, fq loss: 1.6376886367797852, ts_freq loss: 17.612319946289062, fq_freq loss: 12.600933074951172

Epoch 7/100: loss: 15.772353172302246, ts loss: 5.244311332702637, fq loss: 1.519281029701233, ts_freq loss: 17.351865768432617, fq_freq loss: 12.677340507507324

Epoch 8/100: loss: 15.236797332763672, ts loss: 4.855143070220947, fq loss: 1.438789963722229, ts_freq loss: 17.298173904418945, fq_freq loss: 12.51136589050293

Epoch 9/100: loss: 14.902242660522461, ts loss: 4.586888313293457, fq loss: 1.3793673515319824, ts_freq loss: 17.19855308532715, fq_freq loss: 12.588069915771484

Epoch 10/100: loss: 14.687617301940918, ts loss: 4.472214221954346, fq loss: 1.3457717895507812, ts_freq loss: 17.133472442626953, fq_freq loss: 12.431967735290527

Epoch 11/100: loss: 14.678549766540527, ts loss: 4.432740688323975, fq loss: 1.3493483066558838, ts_freq loss: 17.225109100341797, fq_freq loss: 12.429758071899414

Epoch 12/100: loss: 14.653620719909668, ts loss: 4.361051082611084, fq loss: 1.342203974723816, ts_freq loss: 17.202964782714844, fq_freq loss: 12.63158893585205

Epoch 13/100: loss: 14.398673057556152, ts loss: 4.216533660888672, fq loss: 1.2862913608551025, ts_freq loss: 17.09345245361328, fq_freq loss: 12.55937385559082

Epoch 14/100: loss: 14.395885467529297, ts loss: 4.2669677734375, fq loss: 1.297369360923767, ts_freq loss: 16.99868392944336, fq_freq loss: 12.439809799194336

Epoch 15/100: loss: 14.18518352508545, ts loss: 4.152114391326904, fq loss: 1.2339465618133545, ts_freq loss: 16.952476501464844, fq_freq loss: 12.377928733825684

Epoch 16/100: loss: 14.476466178894043, ts loss: 4.320929527282715, fq loss: 1.3198678493499756, ts_freq loss: 17.061809539794922, fq_freq loss: 12.390416145324707

Epoch 17/100: loss: 14.204737663269043, ts loss: 4.126824378967285, fq loss: 1.267754316329956, ts_freq loss: 17.02044105529785, fq_freq loss: 12.346755027770996

Epoch 18/100: loss: 14.251696586608887, ts loss: 4.104212760925293, fq loss: 1.3106063604354858, ts_freq loss: 16.932899475097656, fq_freq loss: 12.523362159729004

Epoch 19/100: loss: 14.065136909484863, ts loss: 4.037106513977051, fq loss: 1.205520510673523, ts_freq loss: 16.987564086914062, fq_freq loss: 12.420802116394043

Epoch 20/100: loss: 14.067124366760254, ts loss: 4.049770832061768, fq loss: 1.1723614931106567, ts_freq loss: 17.090917587280273, fq_freq loss: 12.39238166809082

Epoch 21/100: loss: 14.060898780822754, ts loss: 4.021349906921387, fq loss: 1.1970088481903076, ts_freq loss: 16.950267791748047, fq_freq loss: 12.524857521057129

Epoch 22/100: loss: 14.151573181152344, ts loss: 4.109312057495117, fq loss: 1.2636736631393433, ts_freq loss: 16.95932960510254, fq_freq loss: 12.302628517150879

Epoch 23/100: loss: 13.932158470153809, ts loss: 3.9919888973236084, fq loss: 1.2258238792419434, ts_freq loss: 16.8478946685791, fq_freq loss: 12.199923515319824

Epoch 24/100: loss: 14.055398941040039, ts loss: 4.034905910491943, fq loss: 1.2635164260864258, ts_freq loss: 16.89177894592285, fq_freq loss: 12.298144340515137

Epoch 25/100: loss: 14.055024147033691, ts loss: 4.011227130889893, fq loss: 1.2558255195617676, ts_freq loss: 16.820322036743164, fq_freq loss: 12.472917556762695

Epoch 26/100: loss: 13.892292022705078, ts loss: 3.927535057067871, fq loss: 1.2167201042175293, ts_freq loss: 16.802642822265625, fq_freq loss: 12.357479095458984

Epoch 27/100: loss: 13.784148216247559, ts loss: 3.859407901763916, fq loss: 1.1606574058532715, ts_freq loss: 16.7868595123291, fq_freq loss: 12.426748275756836

Epoch 28/100: loss: 13.830949783325195, ts loss: 3.8922510147094727, fq loss: 1.162441611289978, ts_freq loss: 16.797834396362305, fq_freq loss: 12.456350326538086

Epoch 29/100: loss: 13.771125793457031, ts loss: 3.7878639698028564, fq loss: 1.1892330646514893, ts_freq loss: 16.842578887939453, fq_freq loss: 12.470846176147461

Epoch 30/100: loss: 13.747031211853027, ts loss: 3.8230440616607666, fq loss: 1.1865094900131226, ts_freq loss: 16.76738929748535, fq_freq loss: 12.357531547546387

Epoch 31/100: loss: 13.874711990356445, ts loss: 3.875953435897827, fq loss: 1.1793663501739502, ts_freq loss: 16.83120346069336, fq_freq loss: 12.566771507263184

Epoch 32/100: loss: 13.681562423706055, ts loss: 3.814296245574951, fq loss: 1.18230402469635, ts_freq loss: 16.693490982055664, fq_freq loss: 12.256385803222656

Epoch 33/100: loss: 13.699799537658691, ts loss: 3.7824959754943848, fq loss: 1.1764529943466187, ts_freq loss: 16.7266845703125, fq_freq loss: 12.4094877243042

Epoch 34/100: loss: 13.739166259765625, ts loss: 3.824263572692871, fq loss: 1.163792610168457, ts_freq loss: 16.72293472290039, fq_freq loss: 12.447434425354004

Epoch 35/100: loss: 13.564515113830566, ts loss: 3.698667526245117, fq loss: 1.1460891962051392, ts_freq loss: 16.718568801879883, fq_freq loss: 12.347290992736816

Epoch 36/100: loss: 13.658724784851074, ts loss: 3.7296535968780518, fq loss: 1.1591931581497192, ts_freq loss: 16.73199462890625, fq_freq loss: 12.50092887878418

Epoch 37/100: loss: 13.585771560668945, ts loss: 3.7492668628692627, fq loss: 1.1616466045379639, ts_freq loss: 16.678821563720703, fq_freq loss: 12.237370491027832

Epoch 38/100: loss: 13.603255271911621, ts loss: 3.7213640213012695, fq loss: 1.1481860876083374, ts_freq loss: 16.669309616088867, fq_freq loss: 12.443036079406738

Epoch 39/100: loss: 13.53497314453125, ts loss: 3.700941801071167, fq loss: 1.1477153301239014, ts_freq loss: 16.6436710357666, fq_freq loss: 12.310713768005371

Epoch 40/100: loss: 13.639339447021484, ts loss: 3.712615728378296, fq loss: 1.1909502744674683, ts_freq loss: 16.62681770324707, fq_freq loss: 12.492427825927734

Epoch 41/100: loss: 13.66632080078125, ts loss: 3.7498955726623535, fq loss: 1.1813236474990845, ts_freq loss: 16.658876419067383, fq_freq loss: 12.45812702178955

Epoch 42/100: loss: 13.649764060974121, ts loss: 3.8007071018218994, fq loss: 1.2141900062561035, ts_freq loss: 16.61441421508789, fq_freq loss: 12.168478012084961

Epoch 43/100: loss: 13.469626426696777, ts loss: 3.6842477321624756, fq loss: 1.1673868894577026, ts_freq loss: 16.550233840942383, fq_freq loss: 12.176401138305664

Epoch 44/100: loss: 13.477286338806152, ts loss: 3.657325029373169, fq loss: 1.1558048725128174, ts_freq loss: 16.62505531311035, fq_freq loss: 12.255463600158691

Epoch 45/100: loss: 13.47163200378418, ts loss: 3.63270902633667, fq loss: 1.1481133699417114, ts_freq loss: 16.581581115722656, fq_freq loss: 12.38778305053711

Epoch 46/100: loss: 13.3749418258667, ts loss: 3.605715751647949, fq loss: 1.126020908355713, ts_freq loss: 16.504175186157227, fq_freq loss: 12.30650520324707

Epoch 47/100: loss: 13.411240577697754, ts loss: 3.66416597366333, fq loss: 1.137548565864563, ts_freq loss: 16.547016143798828, fq_freq loss: 12.151403427124023

Epoch 48/100: loss: 13.413683891296387, ts loss: 3.6386003494262695, fq loss: 1.113072395324707, ts_freq loss: 16.54104232788086, fq_freq loss: 12.332324981689453

Epoch 49/100: loss: 13.488044738769531, ts loss: 3.704634189605713, fq loss: 1.1321107149124146, ts_freq loss: 16.60076141357422, fq_freq loss: 12.236903190612793

Epoch 50/100: loss: 13.40527057647705, ts loss: 3.642226457595825, fq loss: 1.1302316188812256, ts_freq loss: 16.5339298248291, fq_freq loss: 12.242112159729004

Epoch 51/100: loss: 13.36658000946045, ts loss: 3.6285760402679443, fq loss: 1.1505389213562012, ts_freq loss: 16.526824951171875, fq_freq loss: 12.098052978515625

Epoch 52/100: loss: 13.47424030303955, ts loss: 3.6879804134368896, fq loss: 1.149823784828186, ts_freq loss: 16.4892635345459, fq_freq loss: 12.298859596252441

Epoch 53/100: loss: 13.366768836975098, ts loss: 3.646937608718872, fq loss: 1.150619387626648, ts_freq loss: 16.476808547973633, fq_freq loss: 12.087231636047363

Epoch 54/100: loss: 13.583273887634277, ts loss: 3.730648994445801, fq loss: 1.1828367710113525, ts_freq loss: 16.569189071655273, fq_freq loss: 12.330102920532227

Epoch 55/100: loss: 13.33001708984375, ts loss: 3.6587393283843994, fq loss: 1.139998197555542, ts_freq loss: 16.367429733276367, fq_freq loss: 12.070165634155273

Epoch 56/100: loss: 13.269477844238281, ts loss: 3.583005666732788, fq loss: 1.1091961860656738, ts_freq loss: 16.404277801513672, fq_freq loss: 12.186637878417969

Epoch 57/100: loss: 13.306880950927734, ts loss: 3.5479989051818848, fq loss: 1.1152076721191406, ts_freq loss: 16.52379608154297, fq_freq loss: 12.28845500946045

Epoch 58/100: loss: 13.4334716796875, ts loss: 3.650860071182251, fq loss: 1.137030005455017, ts_freq loss: 16.520957946777344, fq_freq loss: 12.297647476196289

Epoch 59/100: loss: 13.345149993896484, ts loss: 3.627383232116699, fq loss: 1.1324357986450195, ts_freq loss: 16.411361694335938, fq_freq loss: 12.206409454345703

Epoch 60/100: loss: 13.427216529846191, ts loss: 3.662005662918091, fq loss: 1.171234130859375, ts_freq loss: 16.38445472717285, fq_freq loss: 12.26213264465332

Epoch 61/100: loss: 13.35232162475586, ts loss: 3.650843858718872, fq loss: 1.141060709953308, ts_freq loss: 16.408981323242188, fq_freq loss: 12.125741004943848

Epoch 62/100: loss: 13.290018081665039, ts loss: 3.597097873687744, fq loss: 1.1505106687545776, ts_freq loss: 16.335237503051758, fq_freq loss: 12.139453887939453

Epoch 63/100: loss: 13.29171371459961, ts loss: 3.600358486175537, fq loss: 1.1453101634979248, ts_freq loss: 16.341293334960938, fq_freq loss: 12.145519256591797

Epoch 64/100: loss: 13.296548843383789, ts loss: 3.5827102661132812, fq loss: 1.110030174255371, ts_freq loss: 16.428014755249023, fq_freq loss: 12.251346588134766

Epoch 65/100: loss: 13.291686058044434, ts loss: 3.6232059001922607, fq loss: 1.1313551664352417, ts_freq loss: 16.317502975463867, fq_freq loss: 12.13957405090332

Epoch 66/100: loss: 13.28485107421875, ts loss: 3.615309476852417, fq loss: 1.1135575771331787, ts_freq loss: 16.36782455444336, fq_freq loss: 12.152121543884277

Epoch 67/100: loss: 13.292428970336914, ts loss: 3.6333513259887695, fq loss: 1.136664628982544, ts_freq loss: 16.345117568969727, fq_freq loss: 12.062921524047852

Epoch 68/100: loss: 13.224620819091797, ts loss: 3.584026575088501, fq loss: 1.140334963798523, ts_freq loss: 16.34014129638672, fq_freq loss: 11.994054794311523

Epoch 69/100: loss: 13.417364120483398, ts loss: 3.672682285308838, fq loss: 1.156149983406067, ts_freq loss: 16.427135467529297, fq_freq loss: 12.201301574707031

Epoch 70/100: loss: 13.34048080444336, ts loss: 3.6189818382263184, fq loss: 1.1377564668655396, ts_freq loss: 16.367713928222656, fq_freq loss: 12.244758605957031

Epoch 71/100: loss: 13.201064109802246, ts loss: 3.532895803451538, fq loss: 1.1190739870071411, ts_freq loss: 16.32548713684082, fq_freq loss: 12.171497344970703

Epoch 72/100: loss: 13.282670021057129, ts loss: 3.611421823501587, fq loss: 1.1371570825576782, ts_freq loss: 16.37095069885254, fq_freq loss: 12.07601547241211

Epoch 73/100: loss: 13.199014663696289, ts loss: 3.5546600818634033, fq loss: 1.1469650268554688, ts_freq loss: 16.309621810913086, fq_freq loss: 12.015009880065918

Epoch 74/100: loss: 13.508566856384277, ts loss: 3.7234930992126465, fq loss: 1.190918207168579, ts_freq loss: 16.37006378173828, fq_freq loss: 12.277117729187012

Epoch 75/100: loss: 13.042746543884277, ts loss: 3.4872608184814453, fq loss: 1.1110711097717285, ts_freq loss: 16.216760635375977, fq_freq loss: 11.931290626525879

Epoch 76/100: loss: 13.081140518188477, ts loss: 3.528416156768799, fq loss: 1.0984591245651245, ts_freq loss: 16.19529914855957, fq_freq loss: 11.98558235168457

Epoch 77/100: loss: 13.262454986572266, ts loss: 3.581092119216919, fq loss: 1.1317963600158691, ts_freq loss: 16.31190299987793, fq_freq loss: 12.186649322509766

Epoch 78/100: loss: 13.224486351013184, ts loss: 3.614847421646118, fq loss: 1.146976113319397, ts_freq loss: 16.175188064575195, fq_freq loss: 12.033682823181152

Epoch 79/100: loss: 13.354514122009277, ts loss: 3.686941623687744, fq loss: 1.1464619636535645, ts_freq loss: 16.291793823242188, fq_freq loss: 12.111907958984375

Epoch 80/100: loss: 13.153319358825684, ts loss: 3.5528388023376465, fq loss: 1.1014169454574585, ts_freq loss: 16.253690719604492, fq_freq loss: 12.076520919799805

Epoch 81/100: loss: 13.17767333984375, ts loss: 3.5813121795654297, fq loss: 1.125647783279419, ts_freq loss: 16.19843292236328, fq_freq loss: 12.037278175354004

Epoch 82/100: loss: 13.319095611572266, ts loss: 3.6691994667053223, fq loss: 1.1565032005310059, ts_freq loss: 16.22637367248535, fq_freq loss: 12.08493423461914

Epoch 83/100: loss: 13.261579513549805, ts loss: 3.66689395904541, fq loss: 1.1427710056304932, ts_freq loss: 16.2123966217041, fq_freq loss: 11.96064567565918

Epoch 84/100: loss: 13.184160232543945, ts loss: 3.6325414180755615, fq loss: 1.1499868631362915, ts_freq loss: 16.13871955871582, fq_freq loss: 11.866716384887695

Epoch 85/100: loss: 13.108214378356934, ts loss: 3.5183205604553223, fq loss: 1.0977530479431152, ts_freq loss: 16.23345375061035, fq_freq loss: 12.073677062988281

Epoch 86/100: loss: 13.174246788024902, ts loss: 3.5829949378967285, fq loss: 1.117784023284912, ts_freq loss: 16.127687454223633, fq_freq loss: 12.117199897766113

Epoch 87/100: loss: 13.010754585266113, ts loss: 3.4517037868499756, fq loss: 1.1054391860961914, ts_freq loss: 16.111753463745117, fq_freq loss: 12.066950798034668

Epoch 88/100: loss: 13.31353759765625, ts loss: 3.597531795501709, fq loss: 1.1302353143692017, ts_freq loss: 16.303176879882812, fq_freq loss: 12.316057205200195

Epoch 89/100: loss: 13.281328201293945, ts loss: 3.6295721530914307, fq loss: 1.135772466659546, ts_freq loss: 16.223634719848633, fq_freq loss: 12.162973403930664

Epoch 90/100: loss: 13.011468887329102, ts loss: 3.5249173641204834, fq loss: 1.098293662071228, ts_freq loss: 16.075468063354492, fq_freq loss: 11.885392189025879

Epoch 91/100: loss: 13.144423484802246, ts loss: 3.5453853607177734, fq loss: 1.1429330110549927, ts_freq loss: 16.170211791992188, fq_freq loss: 12.016807556152344

Epoch 92/100: loss: 12.974373817443848, ts loss: 3.50186824798584, fq loss: 1.0959457159042358, ts_freq loss: 16.097976684570312, fq_freq loss: 11.823887825012207

Epoch 93/100: loss: 12.996739387512207, ts loss: 3.474592685699463, fq loss: 1.1179416179656982, ts_freq loss: 16.044208526611328, fq_freq loss: 11.969809532165527

Epoch 94/100: loss: 13.065168380737305, ts loss: 3.52590274810791, fq loss: 1.0976489782333374, ts_freq loss: 16.12186622619629, fq_freq loss: 12.016854286193848

Epoch 95/100: loss: 12.896413803100586, ts loss: 3.480154037475586, fq loss: 1.096692681312561, ts_freq loss: 15.946974754333496, fq_freq loss: 11.784913063049316

Epoch 96/100: loss: 12.905204772949219, ts loss: 3.4957220554351807, fq loss: 1.0782617330551147, ts_freq loss: 15.999691009521484, fq_freq loss: 11.771042823791504

Epoch 97/100: loss: 13.083431243896484, ts loss: 3.6150472164154053, fq loss: 1.1226383447647095, ts_freq loss: 16.04265785217285, fq_freq loss: 11.776493072509766

Epoch 98/100: loss: 13.06968879699707, ts loss: 3.5460996627807617, fq loss: 1.1209150552749634, ts_freq loss: 16.06890869140625, fq_freq loss: 11.940006256103516

Epoch 99/100: loss: 12.848247528076172, ts loss: 3.4353952407836914, fq loss: 1.0860670804977417, ts_freq loss: 15.9954833984375, fq_freq loss: 11.760461807250977

Epoch 100/100: loss: 13.013995170593262, ts loss: 3.495806932449341, fq loss: 1.1013209819793701, ts_freq loss: 16.101144790649414, fq_freq loss: 11.955079078674316

Training time is : 0:03:51.313498
